[medifab.dreamguystech.com/lightblue/index.html]
[backblue.gif]
[fade.gif]
[index.html]
[medifab.dreamguystech.com/lightblue/assets/img/favicon.png]
[medifab.dreamguystech.com/lightblue/assets/css/bootstrap.min.css]
[medifab.dreamguystech.com/lightblue/assets/css/fontawesome/css/fontawesome.min.css]
[medifab.dreamguystech.com/lightblue/assets/css/fontawesome/css/all.min.css]
[medifab.dreamguystech.com/lightblue/assets/css/owl.carousel.css]
[medifab.dreamguystech.com/lightblue/assets/css/owl.theme.default.min.css]
[medifab.dreamguystech.com/lightblue/assets/css/style.css]
[medifab.dreamguystech.com/lightblue/assets/img/logo.png]
[medifab.dreamguystech.com/lightblue/about-us.html]
[medifab.dreamguystech.com/lightblue/departments.html]
[medifab.dreamguystech.com/lightblue/services.html]
[medifab.dreamguystech.com/lightblue/doctors.html]
[medifab.dreamguystech.com/lightblue/blog.html]
[medifab.dreamguystech.com/lightblue/blog-left-sidebar.html]
[medifab.dreamguystech.com/lightblue/blog-full-width.html]
[medifab.dreamguystech.com/lightblue/blog-grid.html]
[medifab.dreamguystech.com/lightblue/blog-details.html]
[medifab.dreamguystech.com/lightblue/contact-us.html]
[medifab.dreamguystech.com/lightblue/appointment.html]
[medifab.dreamguystech.com/lightblue/login.html]
[medifab.dreamguystech.com/lightblue/register.html]
[medifab.dreamguystech.com/lightblue/forgot-password.html]
[medifab.dreamguystech.com/lightblue/404.html]
[medifab.dreamguystech.com/lightblue/assets/img/icon-01.png]
[medifab.dreamguystech.com/lightblue/assets/img/icon-02.png]
[medifab.dreamguystech.com/lightblue/assets/img/icon-03.png]
[medifab.dreamguystech.com/lightblue/doctor-details.html]
[medifab.dreamguystech.com/lightblue/assets/img/doctor-thumb-01.jpg]
[medifab.dreamguystech.com/lightblue/assets/img/doctor-thumb-02.jpg]
[medifab.dreamguystech.com/lightblue/assets/img/doctor-thumb-03.jpg]
[medifab.dreamguystech.com/lightblue/assets/img/doctor-thumb-04.jpg]
[medifab.dreamguystech.com/lightblue/assets/img/doctor-thumb-05.jpg]
[medifab.dreamguystech.com/lightblue/assets/img/doctor-thumb-06.jpg]
[medifab.dreamguystech.com/lightblue/assets/img/doctor-thumb-07.jpg]
[medifab.dreamguystech.com/lightblue/assets/img/doctor-thumb-08.jpg]
[medifab.dreamguystech.com/lightblue/assets/img/doctor-thumb-09.jpg]
[medifab.dreamguystech.com/lightblue/department-details.html]
[medifab.dreamguystech.com/lightblue/assets/img/icon-04.png]
[medifab.dreamguystech.com/lightblue/assets/img/icon-05.png]
[medifab.dreamguystech.com/lightblue/assets/img/icon-06.png]
[medifab.dreamguystech.com/lightblue/assets/img/icon-07.png]
[medifab.dreamguystech.com/lightblue/assets/img/icon-08.png]
[medifab.dreamguystech.com/lightblue/assets/img/icon-09.png]
[medifab.dreamguystech.com/lightblue/assets/img/testi-03.jpg]
[medifab.dreamguystech.com/lightblue/assets/img/testi-02.jpg]
[medifab.dreamguystech.com/lightblue/assets/img/testi-05.jpg]
[medifab.dreamguystech.com/lightblue/assets/img/testi-04.jpg]
[medifab.dreamguystech.com/lightblue/assets/img/testi-01.jpg]
[medifab.dreamguystech.com/lightblue/assets/js/jquery-3.5.1.min.js]
[medifab.dreamguystech.com/lightblue/assets/js/popper.min.js]
[medifab.dreamguystech.com/lightblue/assets/js/bootstrap.min.js]
[medifab.dreamguystech.com/lightblue/assets/js/owl.carousel.min.js]
[medifab.dreamguystech.com/lightblue/assets/js/theme.js]
[medifab.dreamguystech.com/lightblue/index.html]
[medifab.dreamguystech.com/lightblue/assets/css/bootstrap.min.css]
[medifab.dreamguystech.com/lightblue/assets/css/fontawesome/css/fontawesome.min.css]
[medifab.dreamguystech.com/lightblue/assets/css/fontawesome/webfonts/fa-brands-400.eot]
[medifab.dreamguystech.com/lightblue/assets/css/fontawesome/webfonts/fa-brands-400d41d.eot]
[medifab.dreamguystech.com/lightblue/assets/css/fontawesome/webfonts/fa-brands-400.woff]
[medifab.dreamguystech.com/lightblue/assets/css/fontawesome/webfonts/fa-brands-400.ttf]
[medifab.dreamguystech.com/lightblue/assets/css/fontawesome/webfonts/fa-brands-400.svg]
[medifab.dreamguystech.com/lightblue/assets/css/fontawesome/webfonts/fa-regular-400.eot]
[medifab.dreamguystech.com/lightblue/assets/css/fontawesome/webfonts/fa-regular-400d41d.eot]
[medifab.dreamguystech.com/lightblue/assets/css/fontawesome/webfonts/fa-regular-400.woff]
[medifab.dreamguystech.com/lightblue/assets/css/fontawesome/webfonts/fa-regular-400.ttf]
[medifab.dreamguystech.com/lightblue/assets/css/fontawesome/webfonts/fa-regular-400.svg]
[medifab.dreamguystech.com/lightblue/assets/css/fontawesome/webfonts/fa-solid-900.eot]
[medifab.dreamguystech.com/lightblue/assets/css/fontawesome/webfonts/fa-solid-900d41d.eot]
[medifab.dreamguystech.com/lightblue/assets/css/fontawesome/webfonts/fa-solid-900.woff]
[medifab.dreamguystech.com/lightblue/assets/css/fontawesome/webfonts/fa-solid-900.ttf]
[medifab.dreamguystech.com/lightblue/assets/css/fontawesome/css/all.min.css]
[medifab.dreamguystech.com/lightblue/assets/css/fontawesome/webfonts/fa-solid-900.svg]
[medifab.dreamguystech.com/lightblue/assets/css/owl.video.play.png]
[medifab.dreamguystech.com/lightblue/assets/css/owl.carousel.css]
[medifab.dreamguystech.com/lightblue/assets/css/owl.theme.default.min.css]
[medifab.dreamguystech.com/lightblue/assets/img/bg.jpg]
[medifab.dreamguystech.com/lightblue/assets/img/calander.png]
[medifab.dreamguystech.com/lightblue/assets/css/style.css]
[medifab.dreamguystech.com/lightblue/assets/img/about-img.png]
[medifab.dreamguystech.com/lightblue/about-us.html]
[medifab.dreamguystech.com/lightblue/departments.html]
[medifab.dreamguystech.com/lightblue/services.html]
[medifab.dreamguystech.com/lightblue/service-details.html]
[medifab.dreamguystech.com/lightblue/assets/img/doctor-06.jpg]
[medifab.dreamguystech.com/lightblue/assets/img/doctor-09.jpg]
[medifab.dreamguystech.com/lightblue/assets/img/doctor-01.jpg]
[medifab.dreamguystech.com/lightblue/assets/img/doctor-02.jpg]
[medifab.dreamguystech.com/lightblue/assets/img/doctor-03.jpg]
[medifab.dreamguystech.com/lightblue/assets/img/doctor-04.jpg]
[medifab.dreamguystech.com/lightblue/assets/img/doctor-05.jpg]
[medifab.dreamguystech.com/lightblue/assets/img/doctor-07.jpg]
[medifab.dreamguystech.com/lightblue/assets/img/doctor-08.jpg]
[medifab.dreamguystech.com/lightblue/doctors.html]
[medifab.dreamguystech.com/lightblue/assets/img/blog-01.jpg]
[medifab.dreamguystech.com/lightblue/assets/img/blog-02.jpg]
[medifab.dreamguystech.com/lightblue/assets/img/blog-thumb-01.jpg]
[medifab.dreamguystech.com/lightblue/assets/img/blog-thumb-02.jpg]
[medifab.dreamguystech.com/lightblue/assets/img/blog-thumb-03.jpg]
[medifab.dreamguystech.com/lightblue/assets/img/blog-thumb-04.jpg]
[medifab.dreamguystech.com/lightblue/blog.html]
[medifab.dreamguystech.com/lightblue/blog-left-sidebar.html]
[medifab.dreamguystech.com/lightblue/assets/img/blog-05.jpg]
[medifab.dreamguystech.com/lightblue/assets/img/blog-06.jpg]
[medifab.dreamguystech.com/lightblue/blog-full-width.html]
[medifab.dreamguystech.com/lightblue/assets/img/blog-03.jpg]
[medifab.dreamguystech.com/lightblue/assets/img/blog-04.jpg]
[medifab.dreamguystech.com/lightblue/blog-grid.html]
[medifab.dreamguystech.com/lightblue/blog-details.html]
[medifab.dreamguystech.com/lightblue/contact-us.html]
[medifab.dreamguystech.com/cdn-cgi/scripts/5c5dd728/cloudflare-static/email-decode.min.js]
[medifab.dreamguystech.com/lightblue/assets/css/select2.min.css]
[medifab.dreamguystech.com/lightblue/assets/css/bootstrap-datetimepicker.min.css]
[medifab.dreamguystech.com/lightblue/assets/js/select2.min.js]
[medifab.dreamguystech.com/lightblue/assets/js/moment.min.js]
[medifab.dreamguystech.com/lightblue/assets/js/bootstrap-datetimepicker.min.js]
[medifab.dreamguystech.com/lightblue/assets/js/datepicker.js]
[medifab.dreamguystech.com/lightblue/appointment.html]
[medifab.dreamguystech.com/lightblue/login.html]
[medifab.dreamguystech.com/lightblue/register.html]
[medifab.dreamguystech.com/lightblue/forgot-password.html]
[medifab.dreamguystech.com/lightblue/404.html]
[medifab.dreamguystech.com/lightblue/doctor-details.html]
[medifab.dreamguystech.com/lightblue/assets/img/department-img.jpg]
[medifab.dreamguystech.com/lightblue/department-details.html]
[medifab.dreamguystech.com/lightblue/assets/css/fontawesome/webfonts/fa-brands-400.html]
[medifab.dreamguystech.com/lightblue/assets/css/fontawesome/webfonts/fa-brands-400.svg]
[medifab.dreamguystech.com/lightblue/assets/css/fontawesome/webfonts/fa-regular-400.html]
[medifab.dreamguystech.com/lightblue/assets/css/fontawesome/webfonts/fa-regular-400.svg]
[medifab.dreamguystech.com/lightblue/assets/css/fontawesome/webfonts/fa-solid-900.html]
[medifab.dreamguystech.com/lightblue/assets/css/fontawesome/webfonts/fa-solid-900.svg]
[medifab.dreamguystech.com/lightblue/assets/css/owl.video.play.html]
[medifab.dreamguystech.com/lightblue/assets/img/service-img.jpg]
[medifab.dreamguystech.com/lightblue/service-details.html]
[medifab.dreamguystech.com/lightblue/assets/css/select2.min.css]
[medifab.dreamguystech.com/lightblue/assets/css/bootstrap-datetimepicker.min.css]
